DEPRECATION WARNING: `Rails.application.secrets` is deprecated in favor of `Rails.application.credentials` and will be removed in Rails 7.2. (called from <main> at /home/igor/studyspace/personal_blog/config/environment.rb:5)
Started POST "/api/v1/users" for ::1 at 2023-11-22 18:28:00 -0300
  [1m[36mActiveRecord::SchemaMigration Load (1.1ms)[0m  [1m[34mSELECT "schema_migrations"."version" FROM "schema_migrations" ORDER BY "schema_migrations"."version" ASC[0m
Processing by Api::V1::RegistrationsController#create as HTML
  Parameters: {"api_v1_user"=>{"email"=>"igorsilva@teste.com", "password"=>"[FILTERED]", "name"=>"Igor Silva"}, "registration"=>{"api_v1_user"=>{"email"=>"igorsilva@teste.com", "password"=>"[FILTERED]", "name"=>"Igor Silva"}}}
  [1m[36mTRANSACTION (0.1ms)[0m  [1m[35mBEGIN[0m
  ↳ app/controllers/api/v1/registrations_controller.rb:7:in `create'
  [1m[36mUser Exists? (1.8ms)[0m  [1m[34mSELECT 1 AS one FROM "users" WHERE "users"."email" = $1 LIMIT $2[0m  [["email", "igorsilva@teste.com"], ["LIMIT", 1]]
  ↳ app/controllers/api/v1/registrations_controller.rb:7:in `create'
  [1m[36mUser Create (1.2ms)[0m  [1m[32mINSERT INTO "users" ("email", "encrypted_password", "reset_password_token", "reset_password_sent_at", "remember_created_at", "created_at", "updated_at", "name") VALUES ($1, $2, $3, $4, $5, $6, $7, $8) RETURNING "id"[0m  [["email", "igorsilva@teste.com"], ["encrypted_password", "$2a$12$l8Y96m53zuc8Xo.FMRxTcuSuZKbUtq87myjrZOgXkvHa2QNUV7/oC"], ["reset_password_token", nil], ["reset_password_sent_at", nil], ["remember_created_at", nil], ["created_at", "2023-11-22 21:28:01.171900"], ["updated_at", "2023-11-22 21:28:01.171900"], ["name", "Igor Silva"]]
  ↳ app/controllers/api/v1/registrations_controller.rb:7:in `create'
  [1m[36mTRANSACTION (0.9ms)[0m  [1m[35mCOMMIT[0m
  ↳ app/controllers/api/v1/registrations_controller.rb:7:in `create'
[active_model_serializers] Rendered ActiveModel::Serializer::Null with User (0.15ms)
Completed 200 OK in 240ms (Views: 1.4ms | ActiveRecord: 13.4ms | Allocations: 22978)


Started GET "/api/v1/posts" for ::1 at 2023-11-22 18:28:01 -0300
Processing by Api::V1::PostsController#index as HTML
  [1m[36mPost Load (0.8ms)[0m  [1m[34mSELECT "posts".* FROM "posts" ORDER BY "posts"."created_at" DESC[0m
  ↳ app/controllers/api/v1/posts_controller.rb:9:in `index'
  [1m[36mUser Load (0.2ms)[0m  [1m[34mSELECT "users".* FROM "users" WHERE "users"."id" = $1[0m  [["id", 1]]
  ↳ app/controllers/api/v1/posts_controller.rb:9:in `index'
[active_model_serializers] Rendered ActiveModel::Serializer::CollectionSerializer with ActiveModelSerializers::Adapter::Attributes (0.98ms)
Completed 200 OK in 51ms (Views: 25.7ms | ActiveRecord: 2.8ms | Allocations: 24370)


Started GET "/api/v1/posts" for ::1 at 2023-11-22 18:28:01 -0300
Processing by Api::V1::PostsController#index as HTML
  [1m[36mPost Load (0.3ms)[0m  [1m[34mSELECT "posts".* FROM "posts" ORDER BY "posts"."created_at" DESC[0m
  ↳ app/controllers/api/v1/posts_controller.rb:9:in `index'
  [1m[36mUser Load (0.2ms)[0m  [1m[34mSELECT "users".* FROM "users" WHERE "users"."id" = $1[0m  [["id", 1]]
  ↳ app/controllers/api/v1/posts_controller.rb:9:in `index'
[active_model_serializers] Rendered ActiveModel::Serializer::CollectionSerializer with ActiveModelSerializers::Adapter::Attributes (0.47ms)
Completed 200 OK in 4ms (Views: 3.3ms | ActiveRecord: 0.5ms | Allocations: 1892)


Started POST "/api/v1/posts" for ::1 at 2023-11-22 18:28:23 -0300
Processing by Api::V1::PostsController#create as HTML
  Parameters: {"user_id"=>2, "content"=>"socorro", "post"=>{"content"=>"socorro", "user_id"=>2}}
  [1m[36mTRANSACTION (0.1ms)[0m  [1m[35mBEGIN[0m
  ↳ app/controllers/api/v1/posts_controller.rb:20:in `create'
  [1m[36mUser Load (0.1ms)[0m  [1m[34mSELECT "users".* FROM "users" WHERE "users"."id" = $1 LIMIT $2[0m  [["id", 2], ["LIMIT", 1]]
  ↳ app/controllers/api/v1/posts_controller.rb:20:in `create'
  [1m[36mPost Create (1.3ms)[0m  [1m[32mINSERT INTO "posts" ("content", "created_at", "updated_at", "user_id") VALUES ($1, $2, $3, $4) RETURNING "id"[0m  [["content", "socorro"], ["created_at", "2023-11-22 21:28:23.198087"], ["updated_at", "2023-11-22 21:28:23.198087"], ["user_id", 2]]
  ↳ app/controllers/api/v1/posts_controller.rb:20:in `create'
  [1m[36mTRANSACTION (0.8ms)[0m  [1m[35mCOMMIT[0m
  ↳ app/controllers/api/v1/posts_controller.rb:20:in `create'
[active_model_serializers] Rendered PostSerializer with ActiveModelSerializers::Adapter::Attributes (0.43ms)
Completed 201 Created in 11ms (Views: 0.8ms | ActiveRecord: 2.3ms | Allocations: 4326)


Started GET "/api/v1/posts" for ::1 at 2023-11-22 18:28:23 -0300
Processing by Api::V1::PostsController#index as HTML
  [1m[36mPost Load (0.2ms)[0m  [1m[34mSELECT "posts".* FROM "posts" ORDER BY "posts"."created_at" DESC[0m
  ↳ app/controllers/api/v1/posts_controller.rb:9:in `index'
  [1m[36mUser Load (0.4ms)[0m  [1m[34mSELECT "users".* FROM "users" WHERE "users"."id" IN ($1, $2)[0m  [["id", 2], ["id", 1]]
  ↳ app/controllers/api/v1/posts_controller.rb:9:in `index'
[active_model_serializers] Rendered ActiveModel::Serializer::CollectionSerializer with ActiveModelSerializers::Adapter::Attributes (0.73ms)
Completed 200 OK in 10ms (Views: 9.3ms | ActiveRecord: 0.6ms | Allocations: 2146)


DEPRECATION WARNING: `Rails.application.secrets` is deprecated in favor of `Rails.application.credentials` and will be removed in Rails 7.2. (called from <main> at /home/igor/studyspace/personal_blog/config/environment.rb:5)
Started POST "/api/v1/users/sign_in" for ::1 at 2023-11-30 12:39:40 -0300
  [1m[36mActiveRecord::SchemaMigration Load (1.4ms)[0m  [1m[34mSELECT "schema_migrations"."version" FROM "schema_migrations" ORDER BY "schema_migrations"."version" ASC[0m
Processing by Api::V1::SessionsController#create as HTML
  Parameters: {"api_v1_user"=>{"email"=>"a@a.com", "password"=>"[FILTERED]"}, "session"=>{"api_v1_user"=>{"email"=>"a@a.com", "password"=>"[FILTERED]"}}}
  [1m[36mUser Load (1.5ms)[0m  [1m[34mSELECT "users".* FROM "users" WHERE "users"."email" = $1 ORDER BY "users"."id" ASC LIMIT $2[0m  [["email", "a@a.com"], ["LIMIT", 1]]
  ↳ app/controllers/api/v1/sessions_controller.rb:5:in `create'
[active_model_serializers] Rendered ActiveModel::Serializer::Null with User (0.29ms)
Completed 200 OK in 264ms (Views: 1.9ms | ActiveRecord: 14.2ms | Allocations: 20830)


Started GET "/api/v1/posts" for ::1 at 2023-11-30 12:39:40 -0300
Processing by Api::V1::PostsController#index as HTML
  [1m[36mPost Load (2.5ms)[0m  [1m[34mSELECT "posts".* FROM "posts" ORDER BY "posts"."created_at" DESC[0m
  ↳ app/controllers/api/v1/posts_controller.rb:9:in `index'
  [1m[36mUser Load (0.4ms)[0m  [1m[34mSELECT "users".* FROM "users" WHERE "users"."id" IN ($1, $2, $3, $4)[0m  [["id", 2], ["id", 5], ["id", 4], ["id", 1]]
  ↳ app/controllers/api/v1/posts_controller.rb:9:in `index'
[active_model_serializers] Rendered ActiveModel::Serializer::CollectionSerializer with ActiveModelSerializers::Adapter::Attributes (8.56ms)
Completed 200 OK in 59ms (Views: 34.0ms | ActiveRecord: 7.3ms | Allocations: 32357)


Started GET "/api/v1/posts" for ::1 at 2023-11-30 12:39:41 -0300
Processing by Api::V1::PostsController#index as HTML
  [1m[36mPost Load (0.6ms)[0m  [1m[34mSELECT "posts".* FROM "posts" ORDER BY "posts"."created_at" DESC[0m
  ↳ app/controllers/api/v1/posts_controller.rb:9:in `index'
  [1m[36mUser Load (0.3ms)[0m  [1m[34mSELECT "users".* FROM "users" WHERE "users"."id" IN ($1, $2, $3, $4)[0m  [["id", 2], ["id", 5], ["id", 4], ["id", 1]]
  ↳ app/controllers/api/v1/posts_controller.rb:9:in `index'
[active_model_serializers] Rendered ActiveModel::Serializer::CollectionSerializer with ActiveModelSerializers::Adapter::Attributes (19.15ms)
Completed 200 OK in 29ms (Views: 28.1ms | ActiveRecord: 0.9ms | Allocations: 10254)


Started POST "/api/v1/posts" for ::1 at 2023-11-30 12:39:43 -0300
Processing by Api::V1::PostsController#create as HTML
  Parameters: {"user_id"=>2, "content"=>"ads", "post"=>{"content"=>"ads", "user_id"=>2}}
  [1m[36mTRANSACTION (0.2ms)[0m  [1m[35mBEGIN[0m
  ↳ app/controllers/api/v1/posts_controller.rb:19:in `create'
  [1m[36mUser Load (0.3ms)[0m  [1m[34mSELECT "users".* FROM "users" WHERE "users"."id" = $1 LIMIT $2[0m  [["id", 2], ["LIMIT", 1]]
  ↳ app/controllers/api/v1/posts_controller.rb:19:in `create'
  [1m[36mPost Create (4.1ms)[0m  [1m[32mINSERT INTO "posts" ("content", "created_at", "updated_at", "user_id") VALUES ($1, $2, $3, $4) RETURNING "id"[0m  [["content", "ads"], ["created_at", "2023-11-30 15:39:43.544471"], ["updated_at", "2023-11-30 15:39:43.544471"], ["user_id", 2]]
  ↳ app/controllers/api/v1/posts_controller.rb:19:in `create'
  [1m[36mTRANSACTION (1.2ms)[0m  [1m[35mCOMMIT[0m
  ↳ app/controllers/api/v1/posts_controller.rb:19:in `create'
[active_model_serializers] Rendered PostSerializer with ActiveModelSerializers::Adapter::Attributes (0.82ms)
Completed 201 Created in 26ms (Views: 1.5ms | ActiveRecord: 5.8ms | Allocations: 4866)


Started GET "/api/v1/posts" for ::1 at 2023-11-30 12:39:43 -0300
Processing by Api::V1::PostsController#index as HTML
  [1m[36mPost Load (0.5ms)[0m  [1m[34mSELECT "posts".* FROM "posts" ORDER BY "posts"."created_at" DESC[0m
  ↳ app/controllers/api/v1/posts_controller.rb:9:in `index'
  [1m[36mUser Load (0.4ms)[0m  [1m[34mSELECT "users".* FROM "users" WHERE "users"."id" IN ($1, $2, $3, $4)[0m  [["id", 2], ["id", 5], ["id", 4], ["id", 1]]
  ↳ app/controllers/api/v1/posts_controller.rb:9:in `index'
[active_model_serializers] Rendered ActiveModel::Serializer::CollectionSerializer with ActiveModelSerializers::Adapter::Attributes (23.57ms)
Completed 200 OK in 34ms (Views: 32.7ms | ActiveRecord: 0.9ms | Allocations: 10436)


Started POST "/api/v1/users/sign_in" for ::1 at 2023-11-30 12:40:30 -0300
  [1m[36mActiveRecord::SchemaMigration Load (0.4ms)[0m  [1m[34mSELECT "schema_migrations"."version" FROM "schema_migrations" ORDER BY "schema_migrations"."version" ASC[0m
Processing by Api::V1::SessionsController#create as HTML
  Parameters: {"api_v1_user"=>{"email"=>"a@a.com", "password"=>"[FILTERED]"}, "session"=>{"api_v1_user"=>{"email"=>"a@a.com", "password"=>"[FILTERED]"}}}
  [1m[36mUser Load (0.5ms)[0m  [1m[34mSELECT "users".* FROM "users" WHERE "users"."email" = $1 ORDER BY "users"."id" ASC LIMIT $2[0m  [["email", "a@a.com"], ["LIMIT", 1]]
  ↳ app/controllers/api/v1/sessions_controller.rb:5:in `create'
[active_model_serializers] Rendered ActiveModel::Serializer::Null with User (0.33ms)
Completed 200 OK in 239ms (Views: 1.6ms | ActiveRecord: 8.0ms | Allocations: 16747)


Started GET "/api/v1/posts" for ::1 at 2023-11-30 12:40:30 -0300
Processing by Api::V1::PostsController#index as HTML
  [1m[36mPost Load (0.8ms)[0m  [1m[34mSELECT "posts".* FROM "posts" ORDER BY "posts"."created_at" DESC[0m
  ↳ app/controllers/api/v1/posts_controller.rb:9:in `index'
  [1m[36mUser Load (0.5ms)[0m  [1m[34mSELECT "users".* FROM "users" WHERE "users"."id" IN ($1, $2, $3, $4)[0m  [["id", 2], ["id", 5], ["id", 4], ["id", 1]]
  ↳ app/controllers/api/v1/posts_controller.rb:9:in `index'
[active_model_serializers] Rendered ActiveModel::Serializer::CollectionSerializer with ActiveModelSerializers::Adapter::Attributes (9.35ms)
Completed 200 OK in 37ms (Views: 22.2ms | ActiveRecord: 4.9ms | Allocations: 24082)


Started GET "/api/v1/posts" for ::1 at 2023-11-30 12:40:30 -0300
Processing by Api::V1::PostsController#index as HTML
  [1m[36mPost Load (0.5ms)[0m  [1m[34mSELECT "posts".* FROM "posts" ORDER BY "posts"."created_at" DESC[0m
  ↳ app/controllers/api/v1/posts_controller.rb:9:in `index'
  [1m[36mUser Load (0.3ms)[0m  [1m[34mSELECT "users".* FROM "users" WHERE "users"."id" IN ($1, $2, $3, $4)[0m  [["id", 2], ["id", 5], ["id", 4], ["id", 1]]
  ↳ app/controllers/api/v1/posts_controller.rb:9:in `index'
[active_model_serializers] Rendered ActiveModel::Serializer::CollectionSerializer with ActiveModelSerializers::Adapter::Attributes (13.67ms)
Completed 200 OK in 23ms (Views: 22.1ms | ActiveRecord: 0.8ms | Allocations: 10460)


Started POST "/api/v1/posts" for ::1 at 2023-11-30 12:40:33 -0300
Processing by Api::V1::PostsController#create as HTML
  Parameters: {"user_id"=>2, "content"=>"reste", "post"=>{"content"=>"reste", "user_id"=>2}}
  [1m[36mTRANSACTION (0.1ms)[0m  [1m[35mBEGIN[0m
  ↳ app/controllers/api/v1/posts_controller.rb:19:in `create'
  [1m[36mUser Load (0.3ms)[0m  [1m[34mSELECT "users".* FROM "users" WHERE "users"."id" = $1 LIMIT $2[0m  [["id", 2], ["LIMIT", 1]]
  ↳ app/controllers/api/v1/posts_controller.rb:19:in `create'
  [1m[36mPost Create (0.9ms)[0m  [1m[32mINSERT INTO "posts" ("content", "created_at", "updated_at", "user_id") VALUES ($1, $2, $3, $4) RETURNING "id"[0m  [["content", "reste"], ["created_at", "2023-11-30 15:40:33.880054"], ["updated_at", "2023-11-30 15:40:33.880054"], ["user_id", 2]]
  ↳ app/controllers/api/v1/posts_controller.rb:19:in `create'
  [1m[36mTRANSACTION (2.5ms)[0m  [1m[35mCOMMIT[0m
  ↳ app/controllers/api/v1/posts_controller.rb:19:in `create'
[active_model_serializers] Rendered PostSerializer with ActiveModelSerializers::Adapter::Attributes (0.86ms)
Completed 201 Created in 19ms (Views: 1.6ms | ActiveRecord: 3.8ms | Allocations: 4220)


Started GET "/api/v1/posts" for ::1 at 2023-11-30 12:40:33 -0300
Processing by Api::V1::PostsController#index as HTML
  [1m[36mPost Load (0.6ms)[0m  [1m[34mSELECT "posts".* FROM "posts" ORDER BY "posts"."created_at" DESC[0m
  ↳ app/controllers/api/v1/posts_controller.rb:9:in `index'
  [1m[36mUser Load (0.3ms)[0m  [1m[34mSELECT "users".* FROM "users" WHERE "users"."id" IN ($1, $2, $3, $4)[0m  [["id", 2], ["id", 5], ["id", 4], ["id", 1]]
  ↳ app/controllers/api/v1/posts_controller.rb:9:in `index'
[active_model_serializers] Rendered ActiveModel::Serializer::CollectionSerializer with ActiveModelSerializers::Adapter::Attributes (20.39ms)
Completed 200 OK in 31ms (Views: 29.5ms | ActiveRecord: 0.9ms | Allocations: 10657)


DEPRECATION WARNING: `Rails.application.secrets` is deprecated in favor of `Rails.application.credentials` and will be removed in Rails 7.2. (called from <main> at /home/igor/studyspace/personal_blog/config/environment.rb:5)
Started POST "/api/v1/users/sign_in" for ::1 at 2023-12-06 20:28:55 -0300
  [1m[36mActiveRecord::SchemaMigration Load (1.1ms)[0m  [1m[34mSELECT "schema_migrations"."version" FROM "schema_migrations" ORDER BY "schema_migrations"."version" ASC[0m
Processing by Api::V1::SessionsController#create as HTML
  Parameters: {"api_v1_user"=>{"email"=>"a@a.com", "password"=>"[FILTERED]"}, "session"=>{"api_v1_user"=>{"email"=>"a@a.com", "password"=>"[FILTERED]"}}}
  [1m[36mUser Load (1.1ms)[0m  [1m[34mSELECT "users".* FROM "users" WHERE "users"."email" = $1 ORDER BY "users"."id" ASC LIMIT $2[0m  [["email", "a@a.com"], ["LIMIT", 1]]
  ↳ app/controllers/api/v1/sessions_controller.rb:5:in `create'
Completed 401 Unauthorized in 34ms (ActiveRecord: 11.8ms | Allocations: 9431)


Processing by Api::V1::SessionsController#new as HTML
  Parameters: {"api_v1_user"=>{"email"=>"a@a.com", "password"=>"[FILTERED]"}, "session"=>{"api_v1_user"=>{"email"=>"a@a.com", "password"=>"[FILTERED]"}}}
Completed 200 OK in 198ms (Views: 0.1ms | ActiveRecord: 0.0ms | Allocations: 10493)


Started POST "/api/v1/users/sign_in" for ::1 at 2023-12-06 20:28:55 -0300
Processing by Api::V1::SessionsController#create as HTML
  Parameters: {"api_v1_user"=>{"email"=>"a@a.com", "password"=>"[FILTERED]"}, "session"=>{"api_v1_user"=>{"email"=>"a@a.com", "password"=>"[FILTERED]"}}}
  [1m[36mUser Load (0.9ms)[0m  [1m[34mSELECT "users".* FROM "users" WHERE "users"."email" = $1 ORDER BY "users"."id" ASC LIMIT $2[0m  [["email", "a@a.com"], ["LIMIT", 1]]
  ↳ app/controllers/api/v1/sessions_controller.rb:5:in `create'
Completed 401 Unauthorized in 7ms (ActiveRecord: 0.9ms | Allocations: 793)


Processing by Api::V1::SessionsController#new as HTML
  Parameters: {"api_v1_user"=>{"email"=>"a@a.com", "password"=>"[FILTERED]"}, "session"=>{"api_v1_user"=>{"email"=>"a@a.com", "password"=>"[FILTERED]"}}}
Completed 200 OK in 207ms (Views: 0.1ms | ActiveRecord: 0.0ms | Allocations: 191)


Started POST "/api/v1/users/sign_in" for ::1 at 2023-12-06 20:28:57 -0300
Processing by Api::V1::SessionsController#create as HTML
  Parameters: {"api_v1_user"=>{"email"=>"a@a.com", "password"=>"[FILTERED]"}, "session"=>{"api_v1_user"=>{"email"=>"a@a.com", "password"=>"[FILTERED]"}}}
  [1m[36mUser Load (0.8ms)[0m  [1m[34mSELECT "users".* FROM "users" WHERE "users"."email" = $1 ORDER BY "users"."id" ASC LIMIT $2[0m  [["email", "a@a.com"], ["LIMIT", 1]]
  ↳ app/controllers/api/v1/sessions_controller.rb:5:in `create'
Completed 401 Unauthorized in 6ms (ActiveRecord: 0.8ms | Allocations: 805)


Processing by Api::V1::SessionsController#new as HTML
  Parameters: {"api_v1_user"=>{"email"=>"a@a.com", "password"=>"[FILTERED]"}, "session"=>{"api_v1_user"=>{"email"=>"a@a.com", "password"=>"[FILTERED]"}}}
Completed 200 OK in 210ms (Views: 0.1ms | ActiveRecord: 0.0ms | Allocations: 188)


Started POST "/api/v1/users" for ::1 at 2023-12-06 20:29:05 -0300
Processing by Api::V1::RegistrationsController#create as HTML
  Parameters: {"api_v1_user"=>{"email"=>"a@a.com", "password"=>"[FILTERED]", "name"=>"Raquel"}, "registration"=>{"api_v1_user"=>{"email"=>"a@a.com", "password"=>"[FILTERED]", "name"=>"Raquel"}}}
  [1m[36mTRANSACTION (0.2ms)[0m  [1m[35mBEGIN[0m
  ↳ app/controllers/api/v1/registrations_controller.rb:7:in `create'
  [1m[36mUser Exists? (1.2ms)[0m  [1m[34mSELECT 1 AS one FROM "users" WHERE "users"."email" = $1 LIMIT $2[0m  [["email", "a@a.com"], ["LIMIT", 1]]
  ↳ app/controllers/api/v1/registrations_controller.rb:7:in `create'
  [1m[36mUser Create (3.8ms)[0m  [1m[32mINSERT INTO "users" ("email", "encrypted_password", "reset_password_token", "reset_password_sent_at", "remember_created_at", "created_at", "updated_at", "name") VALUES ($1, $2, $3, $4, $5, $6, $7, $8) RETURNING "id"[0m  [["email", "a@a.com"], ["encrypted_password", "$2a$12$yrajmjC78Cm6kYaehmgFM.St0vWtswxMV6CziIr08rY2tuo3Jjx3."], ["reset_password_token", nil], ["reset_password_sent_at", nil], ["remember_created_at", nil], ["created_at", "2023-12-06 23:29:05.960166"], ["updated_at", "2023-12-06 23:29:05.960166"], ["name", "Raquel"]]
  ↳ app/controllers/api/v1/registrations_controller.rb:7:in `create'
  [1m[36mTRANSACTION (0.7ms)[0m  [1m[35mCOMMIT[0m
  ↳ app/controllers/api/v1/registrations_controller.rb:7:in `create'
[active_model_serializers] Rendered ActiveModel::Serializer::Null with User (0.15ms)
Completed 200 OK in 217ms (Views: 1.4ms | ActiveRecord: 5.9ms | Allocations: 4805)


Started GET "/api/v1/posts" for ::1 at 2023-12-06 20:29:05 -0300
Processing by Api::V1::PostsController#index as HTML
  [1m[36mPost Load (1.1ms)[0m  [1m[34mSELECT "posts".* FROM "posts" ORDER BY "posts"."created_at" DESC[0m
  ↳ app/controllers/api/v1/posts_controller.rb:9:in `index'
  [1m[36mUser Load (0.3ms)[0m  [1m[34mSELECT "users".* FROM "users" WHERE "users"."id" IN ($1, $2)[0m  [["id", 2], ["id", 1]]
  ↳ app/controllers/api/v1/posts_controller.rb:9:in `index'
[active_model_serializers] Rendered ActiveModel::Serializer::CollectionSerializer with ActiveModelSerializers::Adapter::Attributes (1.14ms)
Completed 200 OK in 41ms (Views: 20.2ms | ActiveRecord: 3.3ms | Allocations: 24454)


Started GET "/api/v1/posts" for ::1 at 2023-12-06 20:29:06 -0300
Processing by Api::V1::PostsController#index as HTML
  [1m[36mPost Load (0.4ms)[0m  [1m[34mSELECT "posts".* FROM "posts" ORDER BY "posts"."created_at" DESC[0m
  ↳ app/controllers/api/v1/posts_controller.rb:9:in `index'
  [1m[36mUser Load (0.2ms)[0m  [1m[34mSELECT "users".* FROM "users" WHERE "users"."id" IN ($1, $2)[0m  [["id", 2], ["id", 1]]
  ↳ app/controllers/api/v1/posts_controller.rb:9:in `index'
[active_model_serializers] Rendered ActiveModel::Serializer::CollectionSerializer with ActiveModelSerializers::Adapter::Attributes (1.09ms)
Completed 200 OK in 4ms (Views: 3.6ms | ActiveRecord: 0.6ms | Allocations: 2139)


Started POST "/api/v1/posts" for ::1 at 2023-12-06 20:29:22 -0300
Processing by Api::V1::PostsController#create as HTML
  Parameters: {"user_id"=>3, "content"=>"aaaaaaaaaaaaaa", "post"=>{"content"=>"aaaaaaaaaaaaaa", "user_id"=>3}}
  [1m[36mTRANSACTION (0.2ms)[0m  [1m[35mBEGIN[0m
  ↳ app/controllers/api/v1/posts_controller.rb:19:in `create'
  [1m[36mUser Load (0.3ms)[0m  [1m[34mSELECT "users".* FROM "users" WHERE "users"."id" = $1 LIMIT $2[0m  [["id", 3], ["LIMIT", 1]]
  ↳ app/controllers/api/v1/posts_controller.rb:19:in `create'
  [1m[36mPost Create (3.7ms)[0m  [1m[32mINSERT INTO "posts" ("content", "created_at", "updated_at", "user_id") VALUES ($1, $2, $3, $4) RETURNING "id"[0m  [["content", "aaaaaaaaaaaaaa"], ["created_at", "2023-12-06 23:29:22.742607"], ["updated_at", "2023-12-06 23:29:22.742607"], ["user_id", 3]]
  ↳ app/controllers/api/v1/posts_controller.rb:19:in `create'
  [1m[36mTRANSACTION (1.0ms)[0m  [1m[35mCOMMIT[0m
  ↳ app/controllers/api/v1/posts_controller.rb:19:in `create'
[active_model_serializers] Rendered PostSerializer with ActiveModelSerializers::Adapter::Attributes (0.46ms)
Completed 201 Created in 19ms (Views: 0.9ms | ActiveRecord: 5.1ms | Allocations: 4331)


Started GET "/api/v1/posts" for ::1 at 2023-12-06 20:29:22 -0300
Processing by Api::V1::PostsController#index as HTML
  [1m[36mPost Load (0.3ms)[0m  [1m[34mSELECT "posts".* FROM "posts" ORDER BY "posts"."created_at" DESC[0m
  ↳ app/controllers/api/v1/posts_controller.rb:9:in `index'
  [1m[36mUser Load (0.2ms)[0m  [1m[34mSELECT "users".* FROM "users" WHERE "users"."id" IN ($1, $2, $3)[0m  [["id", 3], ["id", 2], ["id", 1]]
  ↳ app/controllers/api/v1/posts_controller.rb:9:in `index'
[active_model_serializers] Rendered ActiveModel::Serializer::CollectionSerializer with ActiveModelSerializers::Adapter::Attributes (1.04ms)
Completed 200 OK in 5ms (Views: 3.9ms | ActiveRecord: 0.5ms | Allocations: 2389)


